1632836380125	geckodriver	INFO	Listening on 127.0.0.1:23503
1632836383225	mozrunner::runner	INFO	Running command: "C:\\Program Files\\Mozilla Firefox\\firefox.exe" "--marionette" "-private" "-no-remote" "-profile" "C:\\Users\\MRCC50~1.NAC\\AppData\\Local\\Temp\\rust_mozprofileQl8d3T"
1632836383880	Marionette	INFO	Marionette enabled
console.warn: SearchSettings: "get: No settings file exists, new profile?" (new NotFoundError("Could not open the file at C:\\Users\\Mr.Nachos\\AppData\\Local\\Temp\\rust_mozprofileQl8d3T\\search.json.mozlz4", (void 0)))
JavaScript error: resource://gre/modules/XULStore.jsm, line 66: Error: Can't find profile directory.
1632836386744	Marionette	INFO	Listening on port 23512
1632836386962	RemoteAgent	WARN	TLS certificate errors will be ignored for this session
JavaScript error: , line 0: InvalidStateError: A mutation operation was attempted on a database that did not allow mutations.
1632836397944	Marionette	INFO	Stopped listening on port 23512
JavaScript error: resource:///modules/Interactions.jsm, line 230: NS_ERROR_FAILURE: Component returned failure code: 0x80004005 (NS_ERROR_FAILURE) [nsIUserIdleService.removeIdleObserver]
1632836444806	geckodriver	INFO	Listening on 127.0.0.1:23579
1632836447850	mozrunner::runner	INFO	Running command: "C:\\Program Files\\Mozilla Firefox\\firefox.exe" "--marionette" "-private" "-no-remote" "-profile" "C:\\Users\\MRCC50~1.NAC\\AppData\\Local\\Temp\\rust_mozprofileTaJWoF"
1632836448464	Marionette	INFO	Marionette enabled
console.warn: SearchSettings: "get: No settings file exists, new profile?" (new NotFoundError("Could not open the file at C:\\Users\\Mr.Nachos\\AppData\\Local\\Temp\\rust_mozprofileTaJWoF\\search.json.mozlz4", (void 0)))
JavaScript error: resource://gre/modules/XULStore.jsm, line 66: Error: Can't find profile directory.
1632836450904	Marionette	INFO	Listening on port 23588
1632836451037	RemoteAgent	WARN	TLS certificate errors will be ignored for this session
JavaScript error: , line 0: InvalidStateError: A mutation operation was attempted on a database that did not allow mutations.
JavaScript error: , line 0: InvalidStateError: A mutation operation was attempted on a database that did not allow mutations.
JavaScript error: , line 0: InvalidStateError: A mutation operation was attempted on a database that did not allow mutations.
1632836469315	Marionette	INFO	Stopped listening on port 23588
JavaScript error: resource:///modules/Interactions.jsm, line 230: NS_ERROR_FAILURE: Component returned failure code: 0x80004005 (NS_ERROR_FAILURE) [nsIUserIdleService.removeIdleObserver]
JavaScript error: chrome://remote/content/marionette/cert.js, line 55: NS_ERROR_NOT_AVAILABLE: Component returned failure code: 0x80040111 (NS_ERROR_NOT_AVAILABLE) [nsICertOverrideService.setDisableAllSecurityChecksAndLetAttackersInterceptMyData]

###!!! [Parent][RunMessage] Error: Channel closing: too late to send/recv, messages will be lost

1632836508988	geckodriver	INFO	Listening on 127.0.0.1:23656
1632836512050	mozrunner::runner	INFO	Running command: "C:\\Program Files\\Mozilla Firefox\\firefox.exe" "--marionette" "-private" "-no-remote" "-profile" "C:\\Users\\MRCC50~1.NAC\\AppData\\Local\\Temp\\rust_mozprofile3E6Q7L"
1632836512640	Marionette	INFO	Marionette enabled
console.warn: SearchSettings: "get: No settings file exists, new profile?" (new NotFoundError("Could not open the file at C:\\Users\\Mr.Nachos\\AppData\\Local\\Temp\\rust_mozprofile3E6Q7L\\search.json.mozlz4", (void 0)))
JavaScript error: resource://gre/modules/XULStore.jsm, line 66: Error: Can't find profile directory.
1632836515637	Marionette	INFO	Listening on port 23665
1632836515739	RemoteAgent	WARN	TLS certificate errors will be ignored for this session
JavaScript error: , line 0: InvalidStateError: A mutation operation was attempted on a database that did not allow mutations.
1632836532671	Marionette	INFO	Stopped listening on port 23665
JavaScript error: resource:///modules/Interactions.jsm, line 230: NS_ERROR_FAILURE: Component returned failure code: 0x80004005 (NS_ERROR_FAILURE) [nsIUserIdleService.removeIdleObserver]
JavaScript error: chrome://remote/content/marionette/cert.js, line 55: NS_ERROR_NOT_AVAILABLE: Component returned failure code: 0x80040111 (NS_ERROR_NOT_AVAILABLE) [nsICertOverrideService.setDisableAllSecurityChecksAndLetAttackersInterceptMyData]
1632837311542	geckodriver	INFO	Listening on 127.0.0.1:23976
1632837314574	mozrunner::runner	INFO	Running command: "C:\\Program Files\\Mozilla Firefox\\firefox.exe" "--marionette" "-private" "-no-remote" "-profile" "C:\\Users\\MRCC50~1.NAC\\AppData\\Local\\Temp\\rust_mozprofileBquS87"
1632837315160	Marionette	INFO	Marionette enabled
console.warn: SearchSettings: "get: No settings file exists, new profile?" (new NotFoundError("Could not open the file at C:\\Users\\Mr.Nachos\\AppData\\Local\\Temp\\rust_mozprofileBquS87\\search.json.mozlz4", (void 0)))
JavaScript error: resource://gre/modules/XULStore.jsm, line 66: Error: Can't find profile directory.
1632837317930	Marionette	INFO	Listening on port 23984
1632837318281	RemoteAgent	WARN	TLS certificate errors will be ignored for this session
JavaScript error: , line 0: InvalidStateError: A mutation operation was attempted on a database that did not allow mutations.
console.warn: LoginRecipes: "getRecipes: falling back to a synchronous message for:" "https://www.instagram.com"
SourceActor threw an exception: [Exception... "Component returned failure code: 0x80470002 (NS_BASE_STREAM_CLOSED) [nsIInputStream.available]"  nsresult: "0x80470002 (NS_BASE_STREAM_CLOSED)"  location: "JS frame :: resource://devtools/shared/DevToolsUtils.js :: onResponse :: line 567"  data: no]
Stack: onResponse@resource://devtools/shared/DevToolsUtils.js:567:34
onStopRequest@resource://gre/modules/NetUtil.jsm:128:18
Line: 567, column: 0
console.error: ({})
JavaScript error: resource://devtools/shared/DevToolsUtils.js, line 567: NS_BASE_STREAM_CLOSED: Component returned failure code: 0x80470002 (NS_BASE_STREAM_CLOSED) [nsIInputStream.available]
SourceActor threw an exception: [Exception... "Component returned failure code: 0x80470002 (NS_BASE_STREAM_CLOSED) [nsIInputStream.available]"  nsresult: "0x80470002 (NS_BASE_STREAM_CLOSED)"  location: "JS frame :: resource://devtools/shared/DevToolsUtils.js :: onResponse :: line 567"  data: no]
Stack: onResponse@resource://devtools/shared/DevToolsUtils.js:567:34
onStopRequest@resource://gre/modules/NetUtil.jsm:128:18
Line: 567, column: 0
console.error: ({})
JavaScript error: resource://devtools/shared/DevToolsUtils.js, line 567: NS_BASE_STREAM_CLOSED: Component returned failure code: 0x80470002 (NS_BASE_STREAM_CLOSED) [nsIInputStream.available]
1632837353980	Marionette	INFO	Stopped listening on port 23984
JavaScript error: resource:///modules/Interactions.jsm, line 230: NS_ERROR_FAILURE: Component returned failure code: 0x80004005 (NS_ERROR_FAILURE) [nsIUserIdleService.removeIdleObserver]
JavaScript error: chrome://remote/content/marionette/cert.js, line 55: NS_ERROR_NOT_AVAILABLE: Component returned failure code: 0x80040111 (NS_ERROR_NOT_AVAILABLE) [nsICertOverrideService.setDisableAllSecurityChecksAndLetAttackersInterceptMyData]

###!!! [Parent][RunMessage] Error: Channel closing: too late to send/recv, messages will be lost

1632837748872	geckodriver	INFO	Listening on 127.0.0.1:24126
1632837751936	mozrunner::runner	INFO	Running command: "C:\\Program Files\\Mozilla Firefox\\firefox.exe" "--marionette" "-private" "-no-remote" "-profile" "C:\\Users\\MRCC50~1.NAC\\AppData\\Local\\Temp\\rust_mozprofiletqnjl4"
1632837752518	Marionette	INFO	Marionette enabled
console.warn: SearchSettings: "get: No settings file exists, new profile?" (new NotFoundError("Could not open the file at C:\\Users\\Mr.Nachos\\AppData\\Local\\Temp\\rust_mozprofiletqnjl4\\search.json.mozlz4", (void 0)))
JavaScript error: resource://gre/modules/XULStore.jsm, line 66: Error: Can't find profile directory.
1632837755264	Marionette	INFO	Listening on port 24136
1632837755627	RemoteAgent	WARN	TLS certificate errors will be ignored for this session
JavaScript error: , line 0: InvalidStateError: A mutation operation was attempted on a database that did not allow mutations.
1632837769735	Marionette	INFO	Stopped listening on port 24136
JavaScript error: resource:///modules/Interactions.jsm, line 230: NS_ERROR_FAILURE: Component returned failure code: 0x80004005 (NS_ERROR_FAILURE) [nsIUserIdleService.removeIdleObserver]
JavaScript error: chrome://remote/content/marionette/cert.js, line 55: NS_ERROR_NOT_AVAILABLE: Component returned failure code: 0x80040111 (NS_ERROR_NOT_AVAILABLE) [nsICertOverrideService.setDisableAllSecurityChecksAndLetAttackersInterceptMyData]

###!!! [Parent][RunMessage] Error: Channel closing: too late to send/recv, messages will be lost

1632837835701	geckodriver	INFO	Listening on 127.0.0.1:24201
1632837838763	mozrunner::runner	INFO	Running command: "C:\\Program Files\\Mozilla Firefox\\firefox.exe" "--marionette" "-private" "-no-remote" "-profile" "C:\\Users\\MRCC50~1.NAC\\AppData\\Local\\Temp\\rust_mozprofileTEVvGG"
1632837839377	Marionette	INFO	Marionette enabled
console.warn: SearchSettings: "get: No settings file exists, new profile?" (new NotFoundError("Could not open the file at C:\\Users\\Mr.Nachos\\AppData\\Local\\Temp\\rust_mozprofileTEVvGG\\search.json.mozlz4", (void 0)))
JavaScript error: resource://gre/modules/XULStore.jsm, line 66: Error: Can't find profile directory.
1632837842178	Marionette	INFO	Listening on port 24209
1632837842459	RemoteAgent	WARN	TLS certificate errors will be ignored for this session
JavaScript error: , line 0: InvalidStateError: A mutation operation was attempted on a database that did not allow mutations.
1632837849928	Marionette	INFO	Stopped listening on port 24209
JavaScript error: resource:///modules/Interactions.jsm, line 230: NS_ERROR_FAILURE: Component returned failure code: 0x80004005 (NS_ERROR_FAILURE) [nsIUserIdleService.removeIdleObserver]
console.error: (new Error("Connection closed before committing the transaction.", "resource://gre/modules/Sqlite.jsm", 687))
JavaScript error: resource://gre/modules/Sqlite.jsm, line 687: Error: Connection closed before committing the transaction.

###!!! [Parent][RunMessage] Error: Channel closing: too late to send/recv, messages will be lost

1632837856096	geckodriver	INFO	Listening on 127.0.0.1:24269
1632837859138	mozrunner::runner	INFO	Running command: "C:\\Program Files\\Mozilla Firefox\\firefox.exe" "--marionette" "-private" "-no-remote" "-profile" "C:\\Users\\MRCC50~1.NAC\\AppData\\Local\\Temp\\rust_mozprofilef7uAND"
1632837859770	Marionette	INFO	Marionette enabled
console.warn: SearchSettings: "get: No settings file exists, new profile?" (new NotFoundError("Could not open the file at C:\\Users\\Mr.Nachos\\AppData\\Local\\Temp\\rust_mozprofilef7uAND\\search.json.mozlz4", (void 0)))
JavaScript error: resource://gre/modules/XULStore.jsm, line 66: Error: Can't find profile directory.
1632837862169	Marionette	INFO	Listening on port 24277
1632837862319	RemoteAgent	WARN	TLS certificate errors will be ignored for this session
JavaScript error: , line 0: InvalidStateError: A mutation operation was attempted on a database that did not allow mutations.
1632837871927	Marionette	INFO	Stopped listening on port 24277
JavaScript error: resource:///modules/Interactions.jsm, line 230: NS_ERROR_FAILURE: Component returned failure code: 0x80004005 (NS_ERROR_FAILURE) [nsIUserIdleService.removeIdleObserver]
1632837947407	geckodriver	INFO	Listening on 127.0.0.1:24350
1632837950454	mozrunner::runner	INFO	Running command: "C:\\Program Files\\Mozilla Firefox\\firefox.exe" "--marionette" "-private" "-no-remote" "-profile" "C:\\Users\\MRCC50~1.NAC\\AppData\\Local\\Temp\\rust_mozprofileAGYjKq"
1632837951045	Marionette	INFO	Marionette enabled
console.warn: SearchSettings: "get: No settings file exists, new profile?" (new NotFoundError("Could not open the file at C:\\Users\\Mr.Nachos\\AppData\\Local\\Temp\\rust_mozprofileAGYjKq\\search.json.mozlz4", (void 0)))
JavaScript error: resource://gre/modules/XULStore.jsm, line 66: Error: Can't find profile directory.
1632837953351	Marionette	INFO	Listening on port 24358
1632837953646	RemoteAgent	WARN	TLS certificate errors will be ignored for this session
JavaScript error: , line 0: InvalidStateError: A mutation operation was attempted on a database that did not allow mutations.
1632837974372	Marionette	INFO	Stopped listening on port 24358
JavaScript error: resource:///modules/Interactions.jsm, line 230: NS_ERROR_FAILURE: Component returned failure code: 0x80004005 (NS_ERROR_FAILURE) [nsIUserIdleService.removeIdleObserver]

###!!! [Parent][RunMessage] Error: Channel closing: too late to send/recv, messages will be lost

